=> 40.0M 120.0M
=> 273.9 1.3K
op_ppl => 273.9 1.3K
=> scalar 1.0
=> 40.0M 60.0M
=> 235.9 726.8
sff_ppl => 235.9 726.8
=> scalar 1.0
=> 1.0M 30.0M
=> 10.6 377.7
fli_ppl => 10.6 377.7
=> scalar 1.0
=> 3.0M 7.0M
=> 26.4 105.9
ltff_ppl => 26.4 105.9
=> scalar 1.0
=> 2.0M 15.0M
=> 20.1 199.2
longview_ppl => 20.1 199.2
=> scalar 1.0
=> 1.0M 3.0M
=> 7.5 66.9
manifund_ppl => 7.5 66.9
=> scalar 1.0
=> 5.0M 40.0M
=> 38.8 429.2
small_funders_ppl => 38.8 429.2
=> scalar 1.0
=> 5.0M 40.0M
=> 62.6 532.6
individual_funders_ppl => 62.6 532.6
=> scalar 1.0
=> scalar 5.0M
=> 33.3 125.0
nsf_ppl => 33.3 125.0
=> scalar 1.0
=> 2.0M 10.8M
=> 28.1 191.8
dsit_ppl => 28.1 191.8
=> scalar 1.0
=> 5.0M 35.0M
=> 52.7 553.7
aria_ppl => 52.7 553.7
=> scalar 1.0
=> scalar 10.0M
=> 66.7 250.0
fmf_ppl => 66.7 250.0
=> scalar 1.0
=> 10.0M 50.0M
=> 151.4 917.6
fmtf_ppl => 151.4 917.6
=> scalar 1.0
=> 20.0M 50.3M
=> 389.4 1.8K
eu_ppl => 389.4 1.8K
=> scalar 1.0
=> 5.0M 50.0M
=> 57.9 960.3
canada_ppl => 57.9 960.3
=> scalar 1.0
=> 100.0K 2.0M
=> 1.8 54.8
singapore_ppl => 1.8 54.8
=> scalar 1.0
=> 1.0M 10.0M
=> 15.7 211.7
other_aisi_ppl => 15.7 211.7
=> scalar 1.0
=> 273.9 1.3K
=> 631.1 1.8K (100K samples)
=> 702.3 1.9K (100K samples)
=> 757.5 2.0K (100K samples)
=> 827.0 2.1K (100K samples)
=> 853.8 2.1K (100K samples)
=> 981.1 2.3K (100K samples)
=> 1.2K 2.6K (100K samples)
=> 1.2K 2.7K (100K samples)
=> 1.3K 2.8K (100K samples)
=> 1.5K 3.0K (100K samples)
=> 1.6K 3.2K (100K samples)
=> 1.9K 3.7K (100K samples)
=> 2.6K 5.0K (100K samples)
=> 2.9K 5.5K (100K samples)
=> 2.9K 5.5K (100K samples)
=> 3.0K 5.6K (100K samples)
initial_nonprofit_and_govs_ppl => 3.0K 5.6K (100K samples)
=> scalar 1.0
=> 273.9 1.3K
=> 0.06 0.3 (100K samples)
share_op => 0.06 0.3 (100K samples)
=> scalar 1.0
=> 3.0K 5.6K (100K samples)
=> 641.4 2.9K (100K samples)
=> 544.8 3.2K (100K samples)
nonprofit_and_govs => 544.8 3.2K (100K samples)
=> scalar 1.0
=> 10.0 80.0
=> 23.4 149.3 (100K samples)
=> 37.3 174.5 (100K samples)
lab_ppl => 37.3 174.5 (100K samples)
=> scalar 1.0
=> scalar 7.4K
=> 96.4K 527.0K (100K samples)
=> 298.5 24.4K (100K samples)
=> 31.2 9.5K (100K samples)
academia_ppl => 31.2 9.5K (100K samples)
=> scalar 1.0
=> 544.8 3.2K (100K samples)
=> 631.0 3.3K (100K samples)
=> 1.1K 11.4K (100K samples)
=> 40.0M 120.0M
=> 273.9 1.3K
op_ppl => 273.9 1.3K
=> scalar 1.0
=> 40.0M 60.0M
=> 235.9 726.8
sff_ppl => 235.9 726.8
=> scalar 1.0
=> 1.0M 30.0M
=> 10.6 377.7
fli_ppl => 10.6 377.7
=> scalar 1.0
=> 3.0M 7.0M
=> 26.4 105.9
ltff_ppl => 26.4 105.9
=> scalar 1.0
=> 2.0M 15.0M
=> 20.1 199.2
longview_ppl => 20.1 199.2
=> scalar 1.0
=> 1.0M 3.0M
=> 7.5 66.9
manifund_ppl => 7.5 66.9
=> scalar 1.0
=> 5.0M 40.0M
=> 38.8 429.2
small_funders_ppl => 38.8 429.2
=> scalar 1.0
=> 5.0M 40.0M
=> 62.6 532.6
individual_funders_ppl => 62.6 532.6
=> scalar 1.0
=> scalar 5.0M
=> 33.3 125.0
nsf_ppl => 33.3 125.0
=> scalar 1.0
=> 2.0M 10.8M
=> 28.1 191.8
dsit_ppl => 28.1 191.8
=> scalar 1.0
=> 5.0M 35.0M
=> 52.7 553.7
aria_ppl => 52.7 553.7
=> scalar 1.0
=> scalar 10.0M
=> 66.7 250.0
fmf_ppl => 66.7 250.0
=> scalar 1.0
=> 10.0M 50.0M
=> 151.4 917.6
fmtf_ppl => 151.4 917.6
=> scalar 1.0
=> 20.0M 50.3M
=> 389.4 1.8K
eu_ppl => 389.4 1.8K
=> scalar 1.0
=> 5.0M 50.0M
=> 57.9 960.3
canada_ppl => 57.9 960.3
=> scalar 1.0
=> 100.0K 2.0M
=> 1.8 54.8
singapore_ppl => 1.8 54.8
=> scalar 1.0
=> 1.0M 10.0M
=> 15.7 211.7
other_aisi_ppl => 15.7 211.7
=> scalar 1.0
=> 273.9 1.3K
=> 632.9 1.7K (1M samples)
=> 704.3 1.9K (1M samples)
=> 760.2 2.0K (1M samples)
=> 830.2 2.1K (1M samples)
=> 856.6 2.1K (1M samples)
=> 984.8 2.3K (1M samples)
=> 1.2K 2.6K (1M samples)
=> 1.2K 2.7K (1M samples)
=> 1.3K 2.8K (1M samples)
=> 1.5K 3.0K (1M samples)
=> 1.6K 3.2K (1M samples)
=> 1.9K 3.7K (1M samples)
=> 2.6K 5.0K (1M samples)
=> 2.9K 5.5K (1M samples)
=> 2.9K 5.5K (1M samples)
=> 3.0K 5.6K (1M samples)
initial_nonprofit_and_govs_ppl => 3.0K 5.6K (1M samples)
=> scalar 1.0
=> 273.9 1.3K
=> 0.06 0.3 (1M samples)
share_op => 0.06 0.3 (1M samples)
=> scalar 1.0
=> 3.0K 5.6K (1M samples)
=> 643.5 2.9K (1M samples)
=> 547.7 3.2K (1M samples)
nonprofit_and_govs => 547.7 3.2K (1M samples)
=> scalar 1.0
=> 10.0 80.0
=> 23.4 149.3 (1M samples)
=> 37.2 174.9 (1M samples)
lab_ppl => 37.2 174.9 (1M samples)
=> scalar 1.0
=> scalar 7.4K
=> 96.6K 531.2K (1M samples)
=> 299.3 24.4K (1M samples)
=> 31.9 9.5K (1M samples)
academia_ppl => 31.9 9.5K (1M samples)
=> scalar 1.0
=> 547.7 3.2K (1M samples)
=> 632.6 3.3K (1M samples)
=> 1.1K 11.3K (1M samples)
